<?xml version="1.0" encoding="UTF-8"?>
<!-- Generated by org.testng.reporters.JUnitReportReporter -->
<testsuite skipped="0" hostname="INC115" name="com.qa.testPages.TEST" tests="1" failures="0" timestamp="18 Jun 2020 09:57:10 GMT" time="21.437" errors="0">
  <testcase name="main" time="21.437" classname="com.qa.testPages.TEST"/>
</testsuite> <!-- com.qa.testPages.TEST -->
